<?xml version="1.0" encoding="UTF-8"?>
<testsuite xmlns:xsi="http://www.w3.org/2001/XMLSchema-instance" xsi:noNamespaceSchemaLocation="https://maven.apache.org/surefire/maven-surefire-plugin/xsd/surefire-test-report-3.0.xsd" version="3.0" name="TestSuite" time="34.009" tests="3" errors="0" skipped="0" failures="3">
  <properties>
    <property name="java.specification.version" value="19"/>
    <property name="sun.cpu.isalist" value="amd64"/>
    <property name="sun.jnu.encoding" value="Cp1252"/>
    <property name="java.class.path" value="C:\Users\Mohamed Mazrouaa\IdeaProjects\VodafoneTask\target\test-classes;C:\Users\Mohamed Mazrouaa\IdeaProjects\VodafoneTask\target\classes;C:\Users\Mohamed Mazrouaa\.m2\repository\org\testng\testng\7.7.1\testng-7.7.1.jar;C:\Users\Mohamed Mazrouaa\.m2\repository\org\slf4j\slf4j-api\1.7.36\slf4j-api-1.7.36.jar;C:\Users\Mohamed Mazrouaa\.m2\repository\com\beust\jcommander\1.82\jcommander-1.82.jar;C:\Users\Mohamed Mazrouaa\.m2\repository\org\webjars\jquery\3.6.1\jquery-3.6.1.jar;C:\Users\Mohamed Mazrouaa\.m2\repository\org\seleniumhq\selenium\selenium-java\4.8.3\selenium-java-4.8.3.jar;C:\Users\Mohamed Mazrouaa\.m2\repository\org\seleniumhq\selenium\selenium-api\4.8.3\selenium-api-4.8.3.jar;C:\Users\Mohamed Mazrouaa\.m2\repository\org\seleniumhq\selenium\selenium-chrome-driver\4.8.3\selenium-chrome-driver-4.8.3.jar;C:\Users\Mohamed Mazrouaa\.m2\repository\com\google\auto\service\auto-service-annotations\1.0.1\auto-service-annotations-1.0.1.jar;C:\Users\Mohamed Mazrouaa\.m2\repository\com\google\auto\service\auto-service\1.0.1\auto-service-1.0.1.jar;C:\Users\Mohamed Mazrouaa\.m2\repository\com\google\auto\auto-common\1.2\auto-common-1.2.jar;C:\Users\Mohamed Mazrouaa\.m2\repository\com\google\guava\guava\31.1-jre\guava-31.1-jre.jar;C:\Users\Mohamed Mazrouaa\.m2\repository\com\google\guava\failureaccess\1.0.1\failureaccess-1.0.1.jar;C:\Users\Mohamed Mazrouaa\.m2\repository\com\google\guava\listenablefuture\9999.0-empty-to-avoid-conflict-with-guava\listenablefuture-9999.0-empty-to-avoid-conflict-with-guava.jar;C:\Users\Mohamed Mazrouaa\.m2\repository\com\google\code\findbugs\jsr305\3.0.2\jsr305-3.0.2.jar;C:\Users\Mohamed Mazrouaa\.m2\repository\org\checkerframework\checker-qual\3.12.0\checker-qual-3.12.0.jar;C:\Users\Mohamed Mazrouaa\.m2\repository\com\google\errorprone\error_prone_annotations\2.11.0\error_prone_annotations-2.11.0.jar;C:\Users\Mohamed Mazrouaa\.m2\repository\com\google\j2objc\j2objc-annotations\1.3\j2objc-annotations-1.3.jar;C:\Users\Mohamed Mazrouaa\.m2\repository\org\seleniumhq\selenium\selenium-chromium-driver\4.8.3\selenium-chromium-driver-4.8.3.jar;C:\Users\Mohamed Mazrouaa\.m2\repository\org\seleniumhq\selenium\selenium-json\4.8.3\selenium-json-4.8.3.jar;C:\Users\Mohamed Mazrouaa\.m2\repository\org\seleniumhq\selenium\selenium-manager\4.8.3\selenium-manager-4.8.3.jar;C:\Users\Mohamed Mazrouaa\.m2\repository\org\seleniumhq\selenium\selenium-devtools-v109\4.8.3\selenium-devtools-v109-4.8.3.jar;C:\Users\Mohamed Mazrouaa\.m2\repository\org\seleniumhq\selenium\selenium-devtools-v110\4.8.3\selenium-devtools-v110-4.8.3.jar;C:\Users\Mohamed Mazrouaa\.m2\repository\org\seleniumhq\selenium\selenium-devtools-v111\4.8.3\selenium-devtools-v111-4.8.3.jar;C:\Users\Mohamed Mazrouaa\.m2\repository\org\seleniumhq\selenium\selenium-devtools-v85\4.8.3\selenium-devtools-v85-4.8.3.jar;C:\Users\Mohamed Mazrouaa\.m2\repository\org\seleniumhq\selenium\selenium-edge-driver\4.8.3\selenium-edge-driver-4.8.3.jar;C:\Users\Mohamed Mazrouaa\.m2\repository\org\seleniumhq\selenium\selenium-firefox-driver\4.8.3\selenium-firefox-driver-4.8.3.jar;C:\Users\Mohamed Mazrouaa\.m2\repository\org\seleniumhq\selenium\selenium-http\4.8.3\selenium-http-4.8.3.jar;C:\Users\Mohamed Mazrouaa\.m2\repository\dev\failsafe\failsafe\3.3.1\failsafe-3.3.1.jar;C:\Users\Mohamed Mazrouaa\.m2\repository\org\seleniumhq\selenium\selenium-ie-driver\4.8.3\selenium-ie-driver-4.8.3.jar;C:\Users\Mohamed Mazrouaa\.m2\repository\org\seleniumhq\selenium\selenium-remote-driver\4.8.3\selenium-remote-driver-4.8.3.jar;C:\Users\Mohamed Mazrouaa\.m2\repository\io\netty\netty-buffer\4.1.90.Final\netty-buffer-4.1.90.Final.jar;C:\Users\Mohamed Mazrouaa\.m2\repository\io\netty\netty-codec-http\4.1.90.Final\netty-codec-http-4.1.90.Final.jar;C:\Users\Mohamed Mazrouaa\.m2\repository\io\netty\netty-codec\4.1.90.Final\netty-codec-4.1.90.Final.jar;C:\Users\Mohamed Mazrouaa\.m2\repository\io\netty\netty-handler\4.1.90.Final\netty-handler-4.1.90.Final.jar;C:\Users\Mohamed Mazrouaa\.m2\repository\io\netty\netty-common\4.1.90.Final\netty-common-4.1.90.Final.jar;C:\Users\Mohamed Mazrouaa\.m2\repository\io\netty\netty-transport-classes-epoll\4.1.90.Final\netty-transport-classes-epoll-4.1.90.Final.jar;C:\Users\Mohamed Mazrouaa\.m2\repository\io\netty\netty-transport-classes-kqueue\4.1.90.Final\netty-transport-classes-kqueue-4.1.90.Final.jar;C:\Users\Mohamed Mazrouaa\.m2\repository\io\netty\netty-transport-native-epoll\4.1.90.Final\netty-transport-native-epoll-4.1.90.Final.jar;C:\Users\Mohamed Mazrouaa\.m2\repository\io\netty\netty-transport-native-kqueue\4.1.90.Final\netty-transport-native-kqueue-4.1.90.Final.jar;C:\Users\Mohamed Mazrouaa\.m2\repository\io\netty\netty-transport-native-unix-common\4.1.90.Final\netty-transport-native-unix-common-4.1.90.Final.jar;C:\Users\Mohamed Mazrouaa\.m2\repository\io\netty\netty-transport\4.1.90.Final\netty-transport-4.1.90.Final.jar;C:\Users\Mohamed Mazrouaa\.m2\repository\io\netty\netty-resolver\4.1.90.Final\netty-resolver-4.1.90.Final.jar;C:\Users\Mohamed Mazrouaa\.m2\repository\io\opentelemetry\opentelemetry-api\1.24.0\opentelemetry-api-1.24.0.jar;C:\Users\Mohamed Mazrouaa\.m2\repository\io\opentelemetry\opentelemetry-context\1.24.0\opentelemetry-context-1.24.0.jar;C:\Users\Mohamed Mazrouaa\.m2\repository\io\opentelemetry\opentelemetry-exporter-logging\1.24.0\opentelemetry-exporter-logging-1.24.0.jar;C:\Users\Mohamed Mazrouaa\.m2\repository\io\opentelemetry\opentelemetry-sdk-metrics\1.24.0\opentelemetry-sdk-metrics-1.24.0.jar;C:\Users\Mohamed Mazrouaa\.m2\repository\io\opentelemetry\opentelemetry-sdk-logs\1.24.0-alpha\opentelemetry-sdk-logs-1.24.0-alpha.jar;C:\Users\Mohamed Mazrouaa\.m2\repository\io\opentelemetry\opentelemetry-api-logs\1.24.0-alpha\opentelemetry-api-logs-1.24.0-alpha.jar;C:\Users\Mohamed Mazrouaa\.m2\repository\io\opentelemetry\opentelemetry-api-events\1.24.0-alpha\opentelemetry-api-events-1.24.0-alpha.jar;C:\Users\Mohamed Mazrouaa\.m2\repository\io\opentelemetry\opentelemetry-sdk-common\1.24.0\opentelemetry-sdk-common-1.24.0.jar;C:\Users\Mohamed Mazrouaa\.m2\repository\io\opentelemetry\opentelemetry-sdk-extension-autoconfigure-spi\1.24.0\opentelemetry-sdk-extension-autoconfigure-spi-1.24.0.jar;C:\Users\Mohamed Mazrouaa\.m2\repository\io\opentelemetry\opentelemetry-sdk-extension-autoconfigure\1.24.0-alpha\opentelemetry-sdk-extension-autoconfigure-1.24.0-alpha.jar;C:\Users\Mohamed Mazrouaa\.m2\repository\io\opentelemetry\opentelemetry-sdk-trace\1.24.0\opentelemetry-sdk-trace-1.24.0.jar;C:\Users\Mohamed Mazrouaa\.m2\repository\io\opentelemetry\opentelemetry-sdk\1.24.0\opentelemetry-sdk-1.24.0.jar;C:\Users\Mohamed Mazrouaa\.m2\repository\io\opentelemetry\opentelemetry-semconv\1.24.0-alpha\opentelemetry-semconv-1.24.0-alpha.jar;C:\Users\Mohamed Mazrouaa\.m2\repository\io\ous\jtoml\2.0.0\jtoml-2.0.0.jar;C:\Users\Mohamed Mazrouaa\.m2\repository\net\bytebuddy\byte-buddy\1.14.2\byte-buddy-1.14.2.jar;C:\Users\Mohamed Mazrouaa\.m2\repository\org\apache\commons\commons-exec\1.3\commons-exec-1.3.jar;C:\Users\Mohamed Mazrouaa\.m2\repository\org\asynchttpclient\async-http-client\2.12.3\async-http-client-2.12.3.jar;C:\Users\Mohamed Mazrouaa\.m2\repository\org\asynchttpclient\async-http-client-netty-utils\2.12.3\async-http-client-netty-utils-2.12.3.jar;C:\Users\Mohamed Mazrouaa\.m2\repository\io\netty\netty-codec-socks\4.1.60.Final\netty-codec-socks-4.1.60.Final.jar;C:\Users\Mohamed Mazrouaa\.m2\repository\io\netty\netty-handler-proxy\4.1.60.Final\netty-handler-proxy-4.1.60.Final.jar;C:\Users\Mohamed Mazrouaa\.m2\repository\io\netty\netty-transport-native-epoll\4.1.60.Final\netty-transport-native-epoll-4.1.60.Final-linux-x86_64.jar;C:\Users\Mohamed Mazrouaa\.m2\repository\io\netty\netty-transport-native-kqueue\4.1.60.Final\netty-transport-native-kqueue-4.1.60.Final-osx-x86_64.jar;C:\Users\Mohamed Mazrouaa\.m2\repository\org\reactivestreams\reactive-streams\1.0.3\reactive-streams-1.0.3.jar;C:\Users\Mohamed Mazrouaa\.m2\repository\com\typesafe\netty\netty-reactive-streams\2.0.4\netty-reactive-streams-2.0.4.jar;C:\Users\Mohamed Mazrouaa\.m2\repository\com\sun\activation\jakarta.activation\1.2.2\jakarta.activation-1.2.2.jar;C:\Users\Mohamed Mazrouaa\.m2\repository\org\seleniumhq\selenium\selenium-safari-driver\4.8.3\selenium-safari-driver-4.8.3.jar;C:\Users\Mohamed Mazrouaa\.m2\repository\org\seleniumhq\selenium\selenium-support\4.8.3\selenium-support-4.8.3.jar;C:\Users\Mohamed Mazrouaa\.m2\repository\io\cucumber\cucumber-java\7.11.2\cucumber-java-7.11.2.jar;C:\Users\Mohamed Mazrouaa\.m2\repository\org\apiguardian\apiguardian-api\1.1.2\apiguardian-api-1.1.2.jar;C:\Users\Mohamed Mazrouaa\.m2\repository\io\cucumber\cucumber-core\7.11.2\cucumber-core-7.11.2.jar;C:\Users\Mohamed Mazrouaa\.m2\repository\io\cucumber\cucumber-gherkin\7.11.2\cucumber-gherkin-7.11.2.jar;C:\Users\Mohamed Mazrouaa\.m2\repository\io\cucumber\cucumber-gherkin-messages\7.11.2\cucumber-gherkin-messages-7.11.2.jar;C:\Users\Mohamed Mazrouaa\.m2\repository\io\cucumber\gherkin\26.0.3\gherkin-26.0.3.jar;C:\Users\Mohamed Mazrouaa\.m2\repository\io\cucumber\messages\21.0.1\messages-21.0.1.jar;C:\Users\Mohamed Mazrouaa\.m2\repository\io\cucumber\tag-expressions\5.0.1\tag-expressions-5.0.1.jar;C:\Users\Mohamed Mazrouaa\.m2\repository\io\cucumber\cucumber-expressions\16.1.2\cucumber-expressions-16.1.2.jar;C:\Users\Mohamed Mazrouaa\.m2\repository\io\cucumber\datatable\7.11.2\datatable-7.11.2.jar;C:\Users\Mohamed Mazrouaa\.m2\repository\io\cucumber\cucumber-plugin\7.11.2\cucumber-plugin-7.11.2.jar;C:\Users\Mohamed Mazrouaa\.m2\repository\io\cucumber\docstring\7.11.2\docstring-7.11.2.jar;C:\Users\Mohamed Mazrouaa\.m2\repository\io\cucumber\html-formatter\20.2.1\html-formatter-20.2.1.jar;C:\Users\Mohamed Mazrouaa\.m2\repository\io\cucumber\junit-xml-formatter\0.1.0\junit-xml-formatter-0.1.0.jar;C:\Users\Mohamed Mazrouaa\.m2\repository\io\cucumber\ci-environment\9.1.0\ci-environment-9.1.0.jar;C:\Users\Mohamed Mazrouaa\.m2\repository\io\cucumber\cucumber-testng\7.11.2\cucumber-testng-7.11.2.jar;"/>
    <property name="java.vm.vendor" value="Oracle Corporation"/>
    <property name="sun.arch.data.model" value="64"/>
    <property name="user.variant" value=""/>
    <property name="java.vendor.url" value="https://java.oracle.com/"/>
    <property name="user.timezone" value="Africa/Cairo"/>
    <property name="os.name" value="Windows 11"/>
    <property name="java.vm.specification.version" value="19"/>
    <property name="sun.java.launcher" value="SUN_STANDARD"/>
    <property name="user.country" value="GB"/>
    <property name="sun.boot.library.path" value="C:\Program Files\Java\jdk-19\bin"/>
    <property name="sun.java.command" value="C:\Users\Mohamed Mazrouaa\AppData\Local\Temp\surefire14699791589427840540\surefirebooter-20250226143151394_3.jar C:\Users\Mohamed Mazrouaa\AppData\Local\Temp\surefire14699791589427840540 2025-02-26T14-31-51_257-jvmRun1 surefire-20250226143151394_1tmp surefire_0-20250226143151394_2tmp"/>
    <property name="jdk.debug" value="release"/>
    <property name="surefire.test.class.path" value="C:\Users\Mohamed Mazrouaa\IdeaProjects\VodafoneTask\target\test-classes;C:\Users\Mohamed Mazrouaa\IdeaProjects\VodafoneTask\target\classes;C:\Users\Mohamed Mazrouaa\.m2\repository\org\testng\testng\7.7.1\testng-7.7.1.jar;C:\Users\Mohamed Mazrouaa\.m2\repository\org\slf4j\slf4j-api\1.7.36\slf4j-api-1.7.36.jar;C:\Users\Mohamed Mazrouaa\.m2\repository\com\beust\jcommander\1.82\jcommander-1.82.jar;C:\Users\Mohamed Mazrouaa\.m2\repository\org\webjars\jquery\3.6.1\jquery-3.6.1.jar;C:\Users\Mohamed Mazrouaa\.m2\repository\org\seleniumhq\selenium\selenium-java\4.8.3\selenium-java-4.8.3.jar;C:\Users\Mohamed Mazrouaa\.m2\repository\org\seleniumhq\selenium\selenium-api\4.8.3\selenium-api-4.8.3.jar;C:\Users\Mohamed Mazrouaa\.m2\repository\org\seleniumhq\selenium\selenium-chrome-driver\4.8.3\selenium-chrome-driver-4.8.3.jar;C:\Users\Mohamed Mazrouaa\.m2\repository\com\google\auto\service\auto-service-annotations\1.0.1\auto-service-annotations-1.0.1.jar;C:\Users\Mohamed Mazrouaa\.m2\repository\com\google\auto\service\auto-service\1.0.1\auto-service-1.0.1.jar;C:\Users\Mohamed Mazrouaa\.m2\repository\com\google\auto\auto-common\1.2\auto-common-1.2.jar;C:\Users\Mohamed Mazrouaa\.m2\repository\com\google\guava\guava\31.1-jre\guava-31.1-jre.jar;C:\Users\Mohamed Mazrouaa\.m2\repository\com\google\guava\failureaccess\1.0.1\failureaccess-1.0.1.jar;C:\Users\Mohamed Mazrouaa\.m2\repository\com\google\guava\listenablefuture\9999.0-empty-to-avoid-conflict-with-guava\listenablefuture-9999.0-empty-to-avoid-conflict-with-guava.jar;C:\Users\Mohamed Mazrouaa\.m2\repository\com\google\code\findbugs\jsr305\3.0.2\jsr305-3.0.2.jar;C:\Users\Mohamed Mazrouaa\.m2\repository\org\checkerframework\checker-qual\3.12.0\checker-qual-3.12.0.jar;C:\Users\Mohamed Mazrouaa\.m2\repository\com\google\errorprone\error_prone_annotations\2.11.0\error_prone_annotations-2.11.0.jar;C:\Users\Mohamed Mazrouaa\.m2\repository\com\google\j2objc\j2objc-annotations\1.3\j2objc-annotations-1.3.jar;C:\Users\Mohamed Mazrouaa\.m2\repository\org\seleniumhq\selenium\selenium-chromium-driver\4.8.3\selenium-chromium-driver-4.8.3.jar;C:\Users\Mohamed Mazrouaa\.m2\repository\org\seleniumhq\selenium\selenium-json\4.8.3\selenium-json-4.8.3.jar;C:\Users\Mohamed Mazrouaa\.m2\repository\org\seleniumhq\selenium\selenium-manager\4.8.3\selenium-manager-4.8.3.jar;C:\Users\Mohamed Mazrouaa\.m2\repository\org\seleniumhq\selenium\selenium-devtools-v109\4.8.3\selenium-devtools-v109-4.8.3.jar;C:\Users\Mohamed Mazrouaa\.m2\repository\org\seleniumhq\selenium\selenium-devtools-v110\4.8.3\selenium-devtools-v110-4.8.3.jar;C:\Users\Mohamed Mazrouaa\.m2\repository\org\seleniumhq\selenium\selenium-devtools-v111\4.8.3\selenium-devtools-v111-4.8.3.jar;C:\Users\Mohamed Mazrouaa\.m2\repository\org\seleniumhq\selenium\selenium-devtools-v85\4.8.3\selenium-devtools-v85-4.8.3.jar;C:\Users\Mohamed Mazrouaa\.m2\repository\org\seleniumhq\selenium\selenium-edge-driver\4.8.3\selenium-edge-driver-4.8.3.jar;C:\Users\Mohamed Mazrouaa\.m2\repository\org\seleniumhq\selenium\selenium-firefox-driver\4.8.3\selenium-firefox-driver-4.8.3.jar;C:\Users\Mohamed Mazrouaa\.m2\repository\org\seleniumhq\selenium\selenium-http\4.8.3\selenium-http-4.8.3.jar;C:\Users\Mohamed Mazrouaa\.m2\repository\dev\failsafe\failsafe\3.3.1\failsafe-3.3.1.jar;C:\Users\Mohamed Mazrouaa\.m2\repository\org\seleniumhq\selenium\selenium-ie-driver\4.8.3\selenium-ie-driver-4.8.3.jar;C:\Users\Mohamed Mazrouaa\.m2\repository\org\seleniumhq\selenium\selenium-remote-driver\4.8.3\selenium-remote-driver-4.8.3.jar;C:\Users\Mohamed Mazrouaa\.m2\repository\io\netty\netty-buffer\4.1.90.Final\netty-buffer-4.1.90.Final.jar;C:\Users\Mohamed Mazrouaa\.m2\repository\io\netty\netty-codec-http\4.1.90.Final\netty-codec-http-4.1.90.Final.jar;C:\Users\Mohamed Mazrouaa\.m2\repository\io\netty\netty-codec\4.1.90.Final\netty-codec-4.1.90.Final.jar;C:\Users\Mohamed Mazrouaa\.m2\repository\io\netty\netty-handler\4.1.90.Final\netty-handler-4.1.90.Final.jar;C:\Users\Mohamed Mazrouaa\.m2\repository\io\netty\netty-common\4.1.90.Final\netty-common-4.1.90.Final.jar;C:\Users\Mohamed Mazrouaa\.m2\repository\io\netty\netty-transport-classes-epoll\4.1.90.Final\netty-transport-classes-epoll-4.1.90.Final.jar;C:\Users\Mohamed Mazrouaa\.m2\repository\io\netty\netty-transport-classes-kqueue\4.1.90.Final\netty-transport-classes-kqueue-4.1.90.Final.jar;C:\Users\Mohamed Mazrouaa\.m2\repository\io\netty\netty-transport-native-epoll\4.1.90.Final\netty-transport-native-epoll-4.1.90.Final.jar;C:\Users\Mohamed Mazrouaa\.m2\repository\io\netty\netty-transport-native-kqueue\4.1.90.Final\netty-transport-native-kqueue-4.1.90.Final.jar;C:\Users\Mohamed Mazrouaa\.m2\repository\io\netty\netty-transport-native-unix-common\4.1.90.Final\netty-transport-native-unix-common-4.1.90.Final.jar;C:\Users\Mohamed Mazrouaa\.m2\repository\io\netty\netty-transport\4.1.90.Final\netty-transport-4.1.90.Final.jar;C:\Users\Mohamed Mazrouaa\.m2\repository\io\netty\netty-resolver\4.1.90.Final\netty-resolver-4.1.90.Final.jar;C:\Users\Mohamed Mazrouaa\.m2\repository\io\opentelemetry\opentelemetry-api\1.24.0\opentelemetry-api-1.24.0.jar;C:\Users\Mohamed Mazrouaa\.m2\repository\io\opentelemetry\opentelemetry-context\1.24.0\opentelemetry-context-1.24.0.jar;C:\Users\Mohamed Mazrouaa\.m2\repository\io\opentelemetry\opentelemetry-exporter-logging\1.24.0\opentelemetry-exporter-logging-1.24.0.jar;C:\Users\Mohamed Mazrouaa\.m2\repository\io\opentelemetry\opentelemetry-sdk-metrics\1.24.0\opentelemetry-sdk-metrics-1.24.0.jar;C:\Users\Mohamed Mazrouaa\.m2\repository\io\opentelemetry\opentelemetry-sdk-logs\1.24.0-alpha\opentelemetry-sdk-logs-1.24.0-alpha.jar;C:\Users\Mohamed Mazrouaa\.m2\repository\io\opentelemetry\opentelemetry-api-logs\1.24.0-alpha\opentelemetry-api-logs-1.24.0-alpha.jar;C:\Users\Mohamed Mazrouaa\.m2\repository\io\opentelemetry\opentelemetry-api-events\1.24.0-alpha\opentelemetry-api-events-1.24.0-alpha.jar;C:\Users\Mohamed Mazrouaa\.m2\repository\io\opentelemetry\opentelemetry-sdk-common\1.24.0\opentelemetry-sdk-common-1.24.0.jar;C:\Users\Mohamed Mazrouaa\.m2\repository\io\opentelemetry\opentelemetry-sdk-extension-autoconfigure-spi\1.24.0\opentelemetry-sdk-extension-autoconfigure-spi-1.24.0.jar;C:\Users\Mohamed Mazrouaa\.m2\repository\io\opentelemetry\opentelemetry-sdk-extension-autoconfigure\1.24.0-alpha\opentelemetry-sdk-extension-autoconfigure-1.24.0-alpha.jar;C:\Users\Mohamed Mazrouaa\.m2\repository\io\opentelemetry\opentelemetry-sdk-trace\1.24.0\opentelemetry-sdk-trace-1.24.0.jar;C:\Users\Mohamed Mazrouaa\.m2\repository\io\opentelemetry\opentelemetry-sdk\1.24.0\opentelemetry-sdk-1.24.0.jar;C:\Users\Mohamed Mazrouaa\.m2\repository\io\opentelemetry\opentelemetry-semconv\1.24.0-alpha\opentelemetry-semconv-1.24.0-alpha.jar;C:\Users\Mohamed Mazrouaa\.m2\repository\io\ous\jtoml\2.0.0\jtoml-2.0.0.jar;C:\Users\Mohamed Mazrouaa\.m2\repository\net\bytebuddy\byte-buddy\1.14.2\byte-buddy-1.14.2.jar;C:\Users\Mohamed Mazrouaa\.m2\repository\org\apache\commons\commons-exec\1.3\commons-exec-1.3.jar;C:\Users\Mohamed Mazrouaa\.m2\repository\org\asynchttpclient\async-http-client\2.12.3\async-http-client-2.12.3.jar;C:\Users\Mohamed Mazrouaa\.m2\repository\org\asynchttpclient\async-http-client-netty-utils\2.12.3\async-http-client-netty-utils-2.12.3.jar;C:\Users\Mohamed Mazrouaa\.m2\repository\io\netty\netty-codec-socks\4.1.60.Final\netty-codec-socks-4.1.60.Final.jar;C:\Users\Mohamed Mazrouaa\.m2\repository\io\netty\netty-handler-proxy\4.1.60.Final\netty-handler-proxy-4.1.60.Final.jar;C:\Users\Mohamed Mazrouaa\.m2\repository\io\netty\netty-transport-native-epoll\4.1.60.Final\netty-transport-native-epoll-4.1.60.Final-linux-x86_64.jar;C:\Users\Mohamed Mazrouaa\.m2\repository\io\netty\netty-transport-native-kqueue\4.1.60.Final\netty-transport-native-kqueue-4.1.60.Final-osx-x86_64.jar;C:\Users\Mohamed Mazrouaa\.m2\repository\org\reactivestreams\reactive-streams\1.0.3\reactive-streams-1.0.3.jar;C:\Users\Mohamed Mazrouaa\.m2\repository\com\typesafe\netty\netty-reactive-streams\2.0.4\netty-reactive-streams-2.0.4.jar;C:\Users\Mohamed Mazrouaa\.m2\repository\com\sun\activation\jakarta.activation\1.2.2\jakarta.activation-1.2.2.jar;C:\Users\Mohamed Mazrouaa\.m2\repository\org\seleniumhq\selenium\selenium-safari-driver\4.8.3\selenium-safari-driver-4.8.3.jar;C:\Users\Mohamed Mazrouaa\.m2\repository\org\seleniumhq\selenium\selenium-support\4.8.3\selenium-support-4.8.3.jar;C:\Users\Mohamed Mazrouaa\.m2\repository\io\cucumber\cucumber-java\7.11.2\cucumber-java-7.11.2.jar;C:\Users\Mohamed Mazrouaa\.m2\repository\org\apiguardian\apiguardian-api\1.1.2\apiguardian-api-1.1.2.jar;C:\Users\Mohamed Mazrouaa\.m2\repository\io\cucumber\cucumber-core\7.11.2\cucumber-core-7.11.2.jar;C:\Users\Mohamed Mazrouaa\.m2\repository\io\cucumber\cucumber-gherkin\7.11.2\cucumber-gherkin-7.11.2.jar;C:\Users\Mohamed Mazrouaa\.m2\repository\io\cucumber\cucumber-gherkin-messages\7.11.2\cucumber-gherkin-messages-7.11.2.jar;C:\Users\Mohamed Mazrouaa\.m2\repository\io\cucumber\gherkin\26.0.3\gherkin-26.0.3.jar;C:\Users\Mohamed Mazrouaa\.m2\repository\io\cucumber\messages\21.0.1\messages-21.0.1.jar;C:\Users\Mohamed Mazrouaa\.m2\repository\io\cucumber\tag-expressions\5.0.1\tag-expressions-5.0.1.jar;C:\Users\Mohamed Mazrouaa\.m2\repository\io\cucumber\cucumber-expressions\16.1.2\cucumber-expressions-16.1.2.jar;C:\Users\Mohamed Mazrouaa\.m2\repository\io\cucumber\datatable\7.11.2\datatable-7.11.2.jar;C:\Users\Mohamed Mazrouaa\.m2\repository\io\cucumber\cucumber-plugin\7.11.2\cucumber-plugin-7.11.2.jar;C:\Users\Mohamed Mazrouaa\.m2\repository\io\cucumber\docstring\7.11.2\docstring-7.11.2.jar;C:\Users\Mohamed Mazrouaa\.m2\repository\io\cucumber\html-formatter\20.2.1\html-formatter-20.2.1.jar;C:\Users\Mohamed Mazrouaa\.m2\repository\io\cucumber\junit-xml-formatter\0.1.0\junit-xml-formatter-0.1.0.jar;C:\Users\Mohamed Mazrouaa\.m2\repository\io\cucumber\ci-environment\9.1.0\ci-environment-9.1.0.jar;C:\Users\Mohamed Mazrouaa\.m2\repository\io\cucumber\cucumber-testng\7.11.2\cucumber-testng-7.11.2.jar;"/>
    <property name="sun.cpu.endian" value="little"/>
    <property name="user.home" value="C:\Users\Mohamed Mazrouaa"/>
    <property name="user.language" value="en"/>
    <property name="java.specification.vendor" value="Oracle Corporation"/>
    <property name="java.version.date" value="2022-10-18"/>
    <property name="java.home" value="C:\Program Files\Java\jdk-19"/>
    <property name="file.separator" value="\"/>
    <property name="basedir" value="C:\Users\Mohamed Mazrouaa\IdeaProjects\VodafoneTask"/>
    <property name="java.vm.compressedOopsMode" value="Zero based"/>
    <property name="line.separator" value="&#10;"/>
    <property name="java.vm.specification.vendor" value="Oracle Corporation"/>
    <property name="java.specification.name" value="Java Platform API Specification"/>
    <property name="surefire.real.class.path" value="C:\Users\Mohamed Mazrouaa\AppData\Local\Temp\surefire14699791589427840540\surefirebooter-20250226143151394_3.jar"/>
    <property name="user.script" value=""/>
    <property name="sun.management.compiler" value="HotSpot 64-Bit Tiered Compilers"/>
    <property name="java.runtime.version" value="19.0.1+10-21"/>
    <property name="user.name" value="Mohamed Mazrouaa"/>
    <property name="stdout.encoding" value="Cp1252"/>
    <property name="path.separator" value=";"/>
    <property name="os.version" value="10.0"/>
    <property name="java.runtime.name" value="Java(TM) SE Runtime Environment"/>
    <property name="file.encoding" value="UTF-8"/>
    <property name="java.vm.name" value="Java HotSpot(TM) 64-Bit Server VM"/>
    <property name="localRepository" value="C:\Users\Mohamed Mazrouaa\.m2\repository"/>
    <property name="java.vendor.url.bug" value="https://bugreport.java.com/bugreport/"/>
    <property name="java.io.tmpdir" value="C:\Users\MOHAME~1\AppData\Local\Temp\"/>
    <property name="java.version" value="19.0.1"/>
    <property name="user.dir" value="C:\Users\Mohamed Mazrouaa\IdeaProjects\VodafoneTask"/>
    <property name="os.arch" value="amd64"/>
    <property name="java.vm.specification.name" value="Java Virtual Machine Specification"/>
    <property name="sun.os.patch.level" value=""/>
    <property name="native.encoding" value="Cp1252"/>
    <property name="java.library.path" value="C:\Program Files\Java\jdk-19\bin;C:\WINDOWS\Sun\Java\bin;C:\WINDOWS\system32;C:\WINDOWS;C:\Program Files\Python311\Scripts\;C:\Program Files\Python311\;C:\Program Files\Microsoft\jdk-11.0.16.101-hotspot\bin;C:\Program Files\Common Files\Oracle\Java\javapath\;C:\windows\system32;C:\windows;C:\windows\System32\Wbem;C:\windows\System32\WindowsPowerShell\v1.0\;C:\windows\System32\OpenSSH\;C:\Program Files (x86)\NVIDIA Corporation\PhysX\Common;C:\Program Files\NVIDIA Corporation\NVIDIA NvDLISR;C:\TDM-GCC-64\bin;C:\Program Files (x86)\Microsoft SQL Server\160\Tools\Binn\;C:\Program Files\Microsoft SQL Server\160\Tools\Binn\;C:\Program Files\Microsoft SQL Server\Client SDK\ODBC\170\Tools\Binn\;C:\Program Files\Microsoft SQL Server\160\DTS\Binn\;C:\Program Files\Git\cmd;C:\Program Files (x86)\Microsoft SQL Server\160\DTS\Binn\;C:\Program Files\Azure Data Studio\bin;D:\iti\automation\maven\apache-maven-3.9.0\bin;C:\Program Files\Microsoft SQL Server\150\Tools\Binn\;C:\Program Files\dotnet\;C:\WINDOWS\system32;C:\WINDOWS;C:\WINDOWS\System32\Wbem;C:\WINDOWS\System32\WindowsPowerShell\v1.0\;C:\WINDOWS\System32\OpenSSH\;C:\Program Files\nodejs\;C:\Program Files\IBM\SPSS\Statistics\24\JRE\bin;C:\Users\Mohamed Mazrouaa\scoop\shims;C:\Users\Mohamed Mazrouaa\AppData\Local\Microsoft\WindowsApps;C:\TDM-GCC-32\bin;C:\Program Files\Azure Data Studio\bin;C:\Users\Mohamed Mazrouaa\AppData\Local\GitHubDesktop\bin;C:\Users\Mohamed Mazrouaa\.dotnet\tools;C:\Users\Mohamed Mazrouaa\AppData\Roaming\npm;C:\Users\Mohamed Mazrouaa\AppData\Local\Android\Sdk\tools;C:\Users\Mohamed Mazrouaa\AppData\Local\Android\Sdk\platform-tools;C:\Users\Mohamed Mazrouaa\AppData\Local\Android\Sdk\emulator;C:\Users\Mohamed Mazrouaa\AppData\Local\Programs\Microsoft VS Code\bin;C:\Users\Mohamed Mazrouaa\scoop\apps\allure\current\bin;;."/>
    <property name="java.vm.info" value="mixed mode, sharing"/>
    <property name="stderr.encoding" value="Cp1252"/>
    <property name="java.vendor" value="Oracle Corporation"/>
    <property name="java.vm.version" value="19.0.1+10-21"/>
    <property name="sun.io.unicode.encoding" value="UnicodeLittle"/>
    <property name="java.class.version" value="63.0"/>
  </properties>
  <testcase name="runScenario[&quot;two products purchasing&quot;, &quot;Product Purchasing&quot;](1)" classname="Runner.TestRunner" time="1.254">
    <failure message="expected [Sign up successful.] but found [This user already exist.]" type="java.lang.AssertionError"><![CDATA[java.lang.AssertionError: expected [Sign up successful.] but found [This user already exist.]
	at org.testng.Assert.fail(Assert.java:110)
	at org.testng.Assert.failNotEquals(Assert.java:1577)
	at org.testng.Assert.assertEqualsImpl(Assert.java:149)
	at org.testng.Assert.assertEquals(Assert.java:131)
	at org.testng.Assert.assertEquals(Assert.java:655)
	at org.testng.Assert.assertEquals(Assert.java:665)
	at Steps.TwoProductsPurchasing.the_user_has_registered_successfully_using(TwoProductsPurchasing.java:44)
	at ✽.the user has registered successfully using "User4487" , "<password>"(file:///C:/Users/Mohamed%20Mazrouaa/IdeaProjects/VodafoneTask/src/test/java/features/ProductsPurchasing.feature:5)
]]></failure>
    <system-out><![CDATA[
Scenario Outline: two products purchasing                                                                                                              # src/test/java/features/ProductsPurchasing.feature:24
  Given the user has registered successfully using "User4487" , "<password>"                                                                           # Steps.TwoProductsPurchasing.the_user_has_registered_successfully_using(java.lang.String,java.lang.String)
      java.lang.AssertionError: expected [Sign up successful.] but found [This user already exist.]
	at org.testng.Assert.fail(Assert.java:110)
	at org.testng.Assert.failNotEquals(Assert.java:1577)
	at org.testng.Assert.assertEqualsImpl(Assert.java:149)
	at org.testng.Assert.assertEquals(Assert.java:131)
	at org.testng.Assert.assertEquals(Assert.java:655)
	at org.testng.Assert.assertEquals(Assert.java:665)
	at Steps.TwoProductsPurchasing.the_user_has_registered_successfully_using(TwoProductsPurchasing.java:44)
	at ✽.the user has registered successfully using "User4487" , "<password>"(file:///C:/Users/Mohamed%20Mazrouaa/IdeaProjects/VodafoneTask/src/test/java/features/ProductsPurchasing.feature:5)

  When The user clicks on Log in button in Header                                                                                                      # Steps.TwoProductsPurchasing.the_user_clicks_on_Log_in_button_in_header()
  And Fill "User4487" , "<password>" in Log in Form                                                                                                    # Steps.TwoProductsPurchasing.fill_in_log_in_form(java.lang.String,java.lang.String)
  Then The account should open Successfully                                                                                                            # Steps.TwoProductsPurchasing.the_account_should_open_successfully()
  When The user Clicks on Laptops in categories in home page.                                                                                          # Steps.TwoProductsPurchasing.the_user_clicks_on_laptops_in_categories_in_home_page()
  And Chooses product one and Clicks on Add to cart button                                                                                             # Steps.TwoProductsPurchasing.chooses_product_one_and_clicks_on_add_to_cart_button()
  Then The product is successfully added                                                                                                               # Steps.TwoProductsPurchasing.the_product_is_successfully_added()
  When The user Chooses product two and Clicks on Add to cart button                                                                                   # Steps.TwoProductsPurchasing.the_user_chooses_product_two_and_clicks_on_add_to_cart_button()
  Then The other product is successfully added                                                                                                         # Steps.TwoProductsPurchasing.the_other_product_is_successfully_added()
  When The user Clicks on Cart button in header                                                                                                        # Steps.TwoProductsPurchasing.the_user_clicks_on_cart_button_in_header()
  Then The two products which include (title and Price) are successfully should be added in products page and the total amount is calculated correctly # Steps.TwoProductsPurchasing.the_two_products_which_include_title_and_price_are_successfully_should_be_added_in_products_page_and_the_total_amount_is_calculated_correctly()
  When The user Clicks on Place order button                                                                                                           # Steps.TwoProductsPurchasing.the_user_clicks_on_place_order_button()
  Then The total amount should be calculated correctly in place order page                                                                             # Steps.TwoProductsPurchasing.the_total_amount_should_be_calculated_correctly_in_place_order_page()
  When The user Fills the (Name, Country, City, Credit Card, Month and Year)                                                                           # Steps.TwoProductsPurchasing.the_user_fills_the_name_country_city_credit_card_month_and_year()
  And The user Clicks on Purchase button in place holder Form                                                                                          # Steps.TwoProductsPurchasing.the_user_clicks_on_purchase_button_in_place_holder_form()
  Then The message ‘Thank you for your purchase!’ should be displayed                                                                                  # Steps.TwoProductsPurchasing.the_message_thank_you_for_your_purchase_should_be_displayed()
]]></system-out>
    <system-err><![CDATA[SLF4J: Failed to load class "org.slf4j.impl.StaticLoggerBinder".
SLF4J: Defaulting to no-operation (NOP) logger implementation
SLF4J: See http://www.slf4j.org/codes.html#StaticLoggerBinder for further details.
1740573113320	geckodriver	INFO	Listening on 127.0.0.1:37113
1740573113547	mozrunner::runner	INFO	Running command: "C:\\Program Files\\Mozilla Firefox\\firefox.exe" "--marionette" "--remote-debugging-port" "20241" "--remote ... alhost:20241/,http://[::1]:20241/" "-no-remote" "-profile" "C:\\Users\\MOHAME~1\\AppData\\Local\\Temp\\rust_mozprofilecCKr06"
console.warn: services.settings: Ignoring preference override of remote settings server
console.warn: services.settings: Allow by setting MOZ_REMOTE_SETTINGS_DEVTOOLS=1 in the environment
Dynamically enable window occlusion 0
1740573113873	Marionette	INFO	Marionette enabled
1740573113971	Marionette	INFO	Listening on port 54644
WebDriver BiDi listening on ws://127.0.0.1:20241
Read port: 54644
1740573114129	RemoteAgent	WARN	TLS certificate errors will be ignored for this session
]]></system-err>
  </testcase>
  <testcase name="runScenario[&quot;User Registration&quot;, &quot;User Registration&quot;](2)" classname="Runner.TestRunner" time="8.079">
    <failure message="expected [Sign up successful.] but found [This user already exist.]" type="java.lang.AssertionError"><![CDATA[java.lang.AssertionError: expected [Sign up successful.] but found [This user already exist.]
	at org.testng.Assert.fail(Assert.java:110)
	at org.testng.Assert.failNotEquals(Assert.java:1577)
	at org.testng.Assert.assertEqualsImpl(Assert.java:149)
	at org.testng.Assert.assertEquals(Assert.java:131)
	at org.testng.Assert.assertEquals(Assert.java:655)
	at org.testng.Assert.assertEquals(Assert.java:665)
	at Steps.UserRegisteration.the_sign_up_successful_message_appears_successfully(UserRegisteration.java:49)
	at ✽.The “Sign up successful.” message appears successfully(file:///C:/Users/Mohamed%20Mazrouaa/IdeaProjects/VodafoneTask/src/test/java/features/UserRegisteration.feature:8)
]]></failure>
    <system-out><![CDATA[
Scenario Outline: User Registration                           # src/test/java/features/UserRegisteration.feature:11
  Given the user in the home page                             # Steps.UserRegisteration.the_user_in_the_home_page()
  When I click on Sign up button in Header                    # Steps.UserRegisteration.i_click_on_sign_up_button_in_header()
  And I entered the "User7880" , "<password>"                 # Steps.UserRegisteration.i_entered_the(java.lang.String,java.lang.String)
  Then The “Sign up successful.” message appears successfully # Steps.UserRegisteration.the_sign_up_successful_message_appears_successfully()
      java.lang.AssertionError: expected [Sign up successful.] but found [This user already exist.]
	at org.testng.Assert.fail(Assert.java:110)
	at org.testng.Assert.failNotEquals(Assert.java:1577)
	at org.testng.Assert.assertEqualsImpl(Assert.java:149)
	at org.testng.Assert.assertEquals(Assert.java:131)
	at org.testng.Assert.assertEquals(Assert.java:655)
	at org.testng.Assert.assertEquals(Assert.java:665)
	at Steps.UserRegisteration.the_sign_up_successful_message_appears_successfully(UserRegisteration.java:49)
	at ✽.The “Sign up successful.” message appears successfully(file:///C:/Users/Mohamed%20Mazrouaa/IdeaProjects/VodafoneTask/src/test/java/features/UserRegisteration.feature:8)

]]></system-out>
    <system-err><![CDATA[1740573118762	Marionette	INFO	Stopped listening on port 54644
Dynamically enable window occlusion 1
JavaScript error: resource://gre/modules/Prompter.sys.mjs, line 1235: NS_ERROR_NOT_AVAILABLE: prompt aborted by user
1740573119769	geckodriver	INFO	Listening on 127.0.0.1:14870
1740573119820	mozrunner::runner	INFO	Running command: "C:\\Program Files\\Mozilla Firefox\\firefox.exe" "--marionette" "--remote-debugging-port" "30787" "--remote ... alhost:30787/,http://[::1]:30787/" "-no-remote" "-profile" "C:\\Users\\MOHAME~1\\AppData\\Local\\Temp\\rust_mozprofile7PXBmL"
console.warn: services.settings: Ignoring preference override of remote settings server
console.warn: services.settings: Allow by setting MOZ_REMOTE_SETTINGS_DEVTOOLS=1 in the environment
Dynamically enable window occlusion 0
1740573120166	Marionette	INFO	Marionette enabled
1740573120284	Marionette	INFO	Listening on port 54668
WebDriver BiDi listening on ws://127.0.0.1:30787
Read port: 54668
1740573120418	RemoteAgent	WARN	TLS certificate errors will be ignored for this session
]]></system-err>
  </testcase>
  <testcase name="runScenario[&quot;User Registration&quot;, &quot;User Registration&quot;](3)" classname="Runner.TestRunner" time="8.092">
    <failure message="expected [Sign up successful.] but found [This user already exist.]" type="java.lang.AssertionError"><![CDATA[java.lang.AssertionError: expected [Sign up successful.] but found [This user already exist.]
	at org.testng.Assert.fail(Assert.java:110)
	at org.testng.Assert.failNotEquals(Assert.java:1577)
	at org.testng.Assert.assertEqualsImpl(Assert.java:149)
	at org.testng.Assert.assertEquals(Assert.java:131)
	at org.testng.Assert.assertEquals(Assert.java:655)
	at org.testng.Assert.assertEquals(Assert.java:665)
	at Steps.UserRegisteration.the_sign_up_successful_message_appears_successfully(UserRegisteration.java:49)
	at ✽.The “Sign up successful.” message appears successfully(file:///C:/Users/Mohamed%20Mazrouaa/IdeaProjects/VodafoneTask/src/test/java/features/UserRegisteration.feature:8)
]]></failure>
    <system-out><![CDATA[
Scenario Outline: User Registration                           # src/test/java/features/UserRegisteration.feature:12
  Given the user in the home page                             # Steps.UserRegisteration.the_user_in_the_home_page()
  When I click on Sign up button in Header                    # Steps.UserRegisteration.i_click_on_sign_up_button_in_header()
  And I entered the "User7881" , "<password>"                 # Steps.UserRegisteration.i_entered_the(java.lang.String,java.lang.String)
  Then The “Sign up successful.” message appears successfully # Steps.UserRegisteration.the_sign_up_successful_message_appears_successfully()
      java.lang.AssertionError: expected [Sign up successful.] but found [This user already exist.]
	at org.testng.Assert.fail(Assert.java:110)
	at org.testng.Assert.failNotEquals(Assert.java:1577)
	at org.testng.Assert.assertEqualsImpl(Assert.java:149)
	at org.testng.Assert.assertEquals(Assert.java:131)
	at org.testng.Assert.assertEquals(Assert.java:655)
	at org.testng.Assert.assertEquals(Assert.java:665)
	at Steps.UserRegisteration.the_sign_up_successful_message_appears_successfully(UserRegisteration.java:49)
	at ✽.The “Sign up successful.” message appears successfully(file:///C:/Users/Mohamed%20Mazrouaa/IdeaProjects/VodafoneTask/src/test/java/features/UserRegisteration.feature:8)

]]></system-out>
    <system-err><![CDATA[1740573131796	Marionette	INFO	Stopped listening on port 54668
Dynamically enable window occlusion 1
JavaScript error: resource://gre/modules/Prompter.sys.mjs, line 1235: NS_ERROR_NOT_AVAILABLE: prompt aborted by user
1740573132826	geckodriver	INFO	Listening on 127.0.0.1:38652
1740573132876	mozrunner::runner	INFO	Running command: "C:\\Program Files\\Mozilla Firefox\\firefox.exe" "--marionette" "--remote-debugging-port" "48733" "--remote ... alhost:48733/,http://[::1]:48733/" "-no-remote" "-profile" "C:\\Users\\MOHAME~1\\AppData\\Local\\Temp\\rust_mozprofilePiYjAc"
console.warn: services.settings: Ignoring preference override of remote settings server
console.warn: services.settings: Allow by setting MOZ_REMOTE_SETTINGS_DEVTOOLS=1 in the environment
Dynamically enable window occlusion 0
1740573133187	Marionette	INFO	Marionette enabled
1740573133282	Marionette	INFO	Listening on port 54694
WebDriver BiDi listening on ws://127.0.0.1:48733
Read port: 54694
1740573133428	RemoteAgent	WARN	TLS certificate errors will be ignored for this session
]]></system-err>
  </testcase>
</testsuite>